# JRE version: Java(TM) SE Runtime Environment (21.0.2+13) (build 21.0.2+13-LTS-58)
# Java VM: Java HotSpot(TM) 64-Bit Server VM (21.0.2+13-LTS-58, mixed mode, sharing, tiered, compressed oops, compressed class ptrs, g1 gc, windows-amd64)
GC Precious Log:
 CardTable entry size: 512
 Card Set container configuration: InlinePtr #cards 5 size 8 Array Of Cards #cards 12 size 40 Howl #buckets 4 coarsen threshold 1843 Howl Bitmap #cards 512 size 80 coarsen threshold 460 Card regions per heap region 1 cards per card region 2048
 CPUs: 8 total, 8 available
 Memory: 7834M
 Large Page Support: Disabled
 NUMA Support: Disabled
 Compressed Oops: Enabled (32-bit)
 Heap Region Size: 1M
 Heap Min Capacity: 8M
 Heap Initial Capacity: 124M
 Heap Max Capacity: 1960M
 Pre-touch: Disabled
 Parallel Workers: 8
 Concurrent Workers: 2
 Concurrent Refinement Workers: 8
 Periodic GC: Disabled
Heap:
 garbage-first heap   total 75776K, used 59768K [0x0000000085800000, 0x0000000100000000)
  region size 1024K, 14 young (14336K), 3 survivors (3072K)
 Metaspace       used 59994K, committed 60672K, reserved 1114112K
  class space    used 8191K, committed 8448K, reserved 1048576K
GC Heap History (20 events):
Event: 2.296 GC heap before
{Heap before GC invocations=4 (full 0):
 garbage-first heap   total 55296K, used 40024K [0x0000000085800000, 0x0000000100000000)
  region size 1024K, 32 young (32768K), 7 survivors (7168K)
 Metaspace       used 25417K, committed 25856K, reserved 1114112K
  class space    used 3256K, committed 3456K, reserved 1048576K
}
Event: 2.304 GC heap after
{Heap after GC invocations=5 (full 0):
 garbage-first heap   total 55296K, used 17002K [0x0000000085800000, 0x0000000100000000)
  region size 1024K, 4 young (4096K), 4 survivors (4096K)
 Metaspace       used 25417K, committed 25856K, reserved 1114112K
  class space    used 3256K, committed 3456K, reserved 1048576K
}
Event: 2.797 GC heap before
{Heap before GC invocations=5 (full 0):
 garbage-first heap   total 55296K, used 40554K [0x0000000085800000, 0x0000000100000000)
  region size 1024K, 28 young (28672K), 4 survivors (4096K)
 Metaspace       used 29907K, committed 30336K, reserved 1114112K
  class space    used 3780K, committed 3968K, reserved 1048576K
}
Event: 2.802 GC heap after
{Heap after GC invocations=6 (full 0):
 garbage-first heap   total 55296K, used 18885K [0x0000000085800000, 0x0000000100000000)
  region size 1024K, 2 young (2048K), 2 survivors (2048K)
 Metaspace       used 29907K, committed 30336K, reserved 1114112K
  class space    used 3780K, committed 3968K, reserved 1048576K
}
Event: 3.233 GC heap before
{Heap before GC invocations=6 (full 0):
 garbage-first heap   total 55296K, used 38341K [0x0000000085800000, 0x0000000100000000)
  region size 1024K, 23 young (23552K), 2 survivors (2048K)
 Metaspace       used 35484K, committed 35968K, reserved 1114112K
  class space    used 4703K, committed 4928K, reserved 1048576K
}
Event: 3.236 GC heap after
{Heap after GC invocations=7 (full 0):
 garbage-first heap   total 55296K, used 19777K [0x0000000085800000, 0x0000000100000000)
  region size 1024K, 3 young (3072K), 3 survivors (3072K)
 Metaspace       used 35484K, committed 35968K, reserved 1114112K
  class space    used 4703K, committed 4928K, reserved 1048576K
}
Event: 3.927 GC heap before
{Heap before GC invocations=8 (full 0):
 garbage-first heap   total 55296K, used 45377K [0x0000000085800000, 0x0000000100000000)
  region size 1024K, 29 young (29696K), 3 survivors (3072K)
 Metaspace       used 43131K, committed 43648K, reserved 1114112K
  class space    used 5667K, committed 5888K, reserved 1048576K
}
Event: 3.931 GC heap after
{Heap after GC invocations=9 (full 0):
 garbage-first heap   total 55296K, used 21687K [0x0000000085800000, 0x0000000100000000)
  region size 1024K, 4 young (4096K), 4 survivors (4096K)
 Metaspace       used 43131K, committed 43648K, reserved 1114112K
  class space    used 5667K, committed 5888K, reserved 1048576K
}
Event: 4.395 GC heap before
{Heap before GC invocations=9 (full 0):
 garbage-first heap   total 55296K, used 44215K [0x0000000085800000, 0x0000000100000000)
  region size 1024K, 27 young (27648K), 4 survivors (4096K)
 Metaspace       used 50458K, committed 50944K, reserved 1114112K
  class space    used 6836K, committed 7040K, reserved 1048576K
}
Event: 4.400 GC heap after
{Heap after GC invocations=10 (full 0):
 garbage-first heap   total 55296K, used 22528K [0x0000000085800000, 0x0000000100000000)
  region size 1024K, 3 young (3072K), 3 survivors (3072K)
 Metaspace       used 50458K, committed 50944K, reserved 1114112K
  class space    used 6836K, committed 7040K, reserved 1048576K
}
Event: 4.977 GC heap before
{Heap before GC invocations=10 (full 0):
 garbage-first heap   total 55296K, used 48128K [0x0000000085800000, 0x0000000100000000)
  region size 1024K, 28 young (28672K), 3 survivors (3072K)
 Metaspace       used 56498K, committed 57152K, reserved 1114112K
  class space    used 7679K, committed 8000K, reserved 1048576K
}
Event: 4.981 GC heap after
{Heap after GC invocations=11 (full 0):
 garbage-first heap   total 66560K, used 24862K [0x0000000085800000, 0x0000000100000000)
  region size 1024K, 4 young (4096K), 4 survivors (4096K)
 Metaspace       used 56498K, committed 57152K, reserved 1114112K
  class space    used 7679K, committed 8000K, reserved 1048576K
}
Event: 7.108 GC heap before
{Heap before GC invocations=11 (full 0):
 garbage-first heap   total 66560K, used 57630K [0x0000000085800000, 0x0000000100000000)
  region size 1024K, 36 young (36864K), 4 survivors (4096K)
 Metaspace       used 59661K, committed 60352K, reserved 1114112K
  class space    used 8122K, committed 8448K, reserved 1048576K
}
Event: 7.116 GC heap after
{Heap after GC invocations=12 (full 0):
 garbage-first heap   total 67584K, used 30580K [0x0000000085800000, 0x0000000100000000)
  region size 1024K, 5 young (5120K), 5 survivors (5120K)
 Metaspace       used 59661K, committed 60352K, reserved 1114112K
  class space    used 8122K, committed 8448K, reserved 1048576K
}
Event: 12.646 GC heap before
{Heap before GC invocations=12 (full 0):
 garbage-first heap   total 67584K, used 57204K [0x0000000085800000, 0x0000000100000000)
  region size 1024K, 31 young (31744K), 5 survivors (5120K)
 Metaspace       used 59661K, committed 60352K, reserved 1114112K
  class space    used 8122K, committed 8448K, reserved 1048576K
}
Event: 12.661 GC heap after
{Heap after GC invocations=13 (full 0):
 garbage-first heap   total 72704K, used 40429K [0x0000000085800000, 0x0000000100000000)
  region size 1024K, 4 young (4096K), 4 survivors (4096K)
 Metaspace       used 59661K, committed 60352K, reserved 1114112K
  class space    used 8122K, committed 8448K, reserved 1048576K
}
Event: 13.254 GC heap before
{Heap before GC invocations=13 (full 0):
 garbage-first heap   total 72704K, used 43501K [0x0000000085800000, 0x0000000100000000)
  region size 1024K, 8 young (8192K), 4 survivors (4096K)
 Metaspace       used 59664K, committed 60352K, reserved 1114112K
  class space    used 8123K, committed 8448K, reserved 1048576K
}
Event: 13.258 GC heap after
{Heap after GC invocations=14 (full 0):
 garbage-first heap   total 72704K, used 42248K [0x0000000085800000, 0x0000000100000000)
  region size 1024K, 2 young (2048K), 2 survivors (2048K)
 Metaspace       used 59664K, committed 60352K, reserved 1114112K
  class space    used 8123K, committed 8448K, reserved 1048576K
}
Event: 16.052 GC heap before
{Heap before GC invocations=15 (full 0):
 garbage-first heap   total 75776K, used 60680K [0x0000000085800000, 0x0000000100000000)
  region size 1024K, 19 young (19456K), 2 survivors (2048K)
 Metaspace       used 59664K, committed 60352K, reserved 1114112K
  class space    used 8123K, committed 8448K, reserved 1048576K
}
Event: 16.063 GC heap after
{Heap after GC invocations=16 (full 0):
 garbage-first heap   total 75776K, used 49528K [0x0000000085800000, 0x0000000100000000)
  region size 1024K, 3 young (3072K), 3 survivors (3072K)
 Metaspace       used 59664K, committed 60352K, reserved 1114112K
  class space    used 8123K, committed 8448K, reserved 1048576K
}

