# JRE version: Java(TM) SE Runtime Environment (21.0.2+13) (build 21.0.2+13-LTS-58)
# Java VM: Java HotSpot(TM) 64-Bit Server VM (21.0.2+13-LTS-58, mixed mode, sharing, tiered, compressed oops, compressed class ptrs, g1 gc, windows-amd64)
GC Precious Log:
 CardTable entry size: 512
 Card Set container configuration: InlinePtr #cards 5 size 8 Array Of Cards #cards 12 size 40 Howl #buckets 4 coarsen threshold 1843 Howl Bitmap #cards 512 size 80 coarsen threshold 460 Card regions per heap region 1 cards per card region 2048
 CPUs: 8 total, 8 available
 Memory: 7834M
 Large Page Support: Disabled
 NUMA Support: Disabled
 Compressed Oops: Enabled (32-bit)
 Heap Region Size: 1M
 Heap Min Capacity: 8M
 Heap Initial Capacity: 124M
 Heap Max Capacity: 1960M
 Pre-touch: Disabled
 Parallel Workers: 8
 Concurrent Workers: 2
 Concurrent Refinement Workers: 8
 Periodic GC: Disabled
Heap:
 garbage-first heap   total 58368K, used 39454K [0x0000000085800000, 0x0000000100000000)
  region size 1024K, 4 young (4096K), 3 survivors (3072K)
 Metaspace       used 59692K, committed 60416K, reserved 1114112K
  class space    used 8120K, committed 8448K, reserved 1048576K
GC Heap History (20 events):
Event: 1.719 GC heap before
{Heap before GC invocations=2 (full 0):
 garbage-first heap   total 126976K, used 53315K [0x0000000085800000, 0x0000000100000000)
  region size 1024K, 47 young (48128K), 3 survivors (3072K)
 Metaspace       used 21244K, committed 21504K, reserved 1114112K
  class space    used 2596K, committed 2688K, reserved 1048576K
}
Event: 1.725 GC heap after
{Heap after GC invocations=3 (full 0):
 garbage-first heap   total 126976K, used 14292K [0x0000000085800000, 0x0000000100000000)
  region size 1024K, 7 young (7168K), 7 survivors (7168K)
 Metaspace       used 21244K, committed 21504K, reserved 1114112K
  class space    used 2596K, committed 2688K, reserved 1048576K
}
Event: 2.254 GC heap before
{Heap before GC invocations=4 (full 0):
 garbage-first heap   total 55296K, used 39892K [0x0000000085800000, 0x0000000100000000)
  region size 1024K, 32 young (32768K), 7 survivors (7168K)
 Metaspace       used 25428K, committed 25856K, reserved 1114112K
  class space    used 3254K, committed 3456K, reserved 1048576K
}
Event: 2.262 GC heap after
{Heap after GC invocations=5 (full 0):
 garbage-first heap   total 55296K, used 17192K [0x0000000085800000, 0x0000000100000000)
  region size 1024K, 4 young (4096K), 4 survivors (4096K)
 Metaspace       used 25428K, committed 25856K, reserved 1114112K
  class space    used 3254K, committed 3456K, reserved 1048576K
}
Event: 2.691 GC heap before
{Heap before GC invocations=5 (full 0):
 garbage-first heap   total 55296K, used 40744K [0x0000000085800000, 0x0000000100000000)
  region size 1024K, 28 young (28672K), 4 survivors (4096K)
 Metaspace       used 29946K, committed 30400K, reserved 1114112K
  class space    used 3785K, committed 3968K, reserved 1048576K
}
Event: 2.694 GC heap after
{Heap after GC invocations=6 (full 0):
 garbage-first heap   total 55296K, used 18855K [0x0000000085800000, 0x0000000100000000)
  region size 1024K, 3 young (3072K), 3 survivors (3072K)
 Metaspace       used 29946K, committed 30400K, reserved 1114112K
  class space    used 3785K, committed 3968K, reserved 1048576K
}
Event: 3.061 GC heap before
{Heap before GC invocations=6 (full 0):
 garbage-first heap   total 55296K, used 39335K [0x0000000085800000, 0x0000000100000000)
  region size 1024K, 24 young (24576K), 3 survivors (3072K)
 Metaspace       used 35564K, committed 36096K, reserved 1114112K
  class space    used 4713K, committed 4992K, reserved 1048576K
}
Event: 3.063 GC heap after
{Heap after GC invocations=7 (full 0):
 garbage-first heap   total 55296K, used 19666K [0x0000000085800000, 0x0000000100000000)
  region size 1024K, 3 young (3072K), 3 survivors (3072K)
 Metaspace       used 35564K, committed 36096K, reserved 1114112K
  class space    used 4713K, committed 4992K, reserved 1048576K
}
Event: 3.787 GC heap before
{Heap before GC invocations=8 (full 0):
 garbage-first heap   total 55296K, used 45266K [0x0000000085800000, 0x0000000100000000)
  region size 1024K, 29 young (29696K), 3 survivors (3072K)
 Metaspace       used 43202K, committed 43712K, reserved 1114112K
  class space    used 5679K, committed 5888K, reserved 1048576K
}
Event: 3.791 GC heap after
{Heap after GC invocations=9 (full 0):
 garbage-first heap   total 55296K, used 21482K [0x0000000085800000, 0x0000000100000000)
  region size 1024K, 3 young (3072K), 3 survivors (3072K)
 Metaspace       used 43202K, committed 43712K, reserved 1114112K
  class space    used 5679K, committed 5888K, reserved 1048576K
}
Event: 4.256 GC heap before
{Heap before GC invocations=9 (full 0):
 garbage-first heap   total 55296K, used 46058K [0x0000000085800000, 0x0000000100000000)
  region size 1024K, 28 young (28672K), 3 survivors (3072K)
 Metaspace       used 50950K, committed 51392K, reserved 1114112K
  class space    used 6905K, committed 7104K, reserved 1048576K
}
Event: 4.260 GC heap after
{Heap after GC invocations=10 (full 0):
 garbage-first heap   total 55296K, used 22773K [0x0000000085800000, 0x0000000100000000)
  region size 1024K, 4 young (4096K), 4 survivors (4096K)
 Metaspace       used 50950K, committed 51392K, reserved 1114112K
  class space    used 6905K, committed 7104K, reserved 1048576K
}
Event: 4.798 GC heap before
{Heap before GC invocations=10 (full 0):
 garbage-first heap   total 55296K, used 46325K [0x0000000085800000, 0x0000000100000000)
  region size 1024K, 27 young (27648K), 4 survivors (4096K)
 Metaspace       used 56488K, committed 57152K, reserved 1114112K
  class space    used 7676K, committed 8000K, reserved 1048576K
}
Event: 4.802 GC heap after
{Heap after GC invocations=11 (full 0):
 garbage-first heap   total 55296K, used 24870K [0x0000000085800000, 0x0000000100000000)
  region size 1024K, 4 young (4096K), 4 survivors (4096K)
 Metaspace       used 56488K, committed 57152K, reserved 1114112K
  class space    used 7676K, committed 8000K, reserved 1048576K
}
Event: 5.209 GC heap before
{Heap before GC invocations=11 (full 0):
 garbage-first heap   total 55296K, used 46374K [0x0000000085800000, 0x0000000100000000)
  region size 1024K, 25 young (25600K), 4 survivors (4096K)
 Metaspace       used 59447K, committed 60096K, reserved 1114112K
  class space    used 8083K, committed 8384K, reserved 1048576K
}
Event: 5.213 GC heap after
{Heap after GC invocations=12 (full 0):
 garbage-first heap   total 55296K, used 27010K [0x0000000085800000, 0x0000000100000000)
  region size 1024K, 4 young (4096K), 4 survivors (4096K)
 Metaspace       used 59447K, committed 60096K, reserved 1114112K
  class space    used 8083K, committed 8384K, reserved 1048576K
}
Event: 7.215 GC heap before
{Heap before GC invocations=12 (full 0):
 garbage-first heap   total 55296K, used 46466K [0x0000000085800000, 0x0000000100000000)
  region size 1024K, 23 young (23552K), 4 survivors (4096K)
 Metaspace       used 59691K, committed 60416K, reserved 1114112K
  class space    used 8120K, committed 8448K, reserved 1048576K
}
Event: 7.223 GC heap after
{Heap after GC invocations=13 (full 0):
 garbage-first heap   total 57344K, used 33792K [0x0000000085800000, 0x0000000100000000)
  region size 1024K, 3 young (3072K), 3 survivors (3072K)
 Metaspace       used 59691K, committed 60416K, reserved 1114112K
  class space    used 8120K, committed 8448K, reserved 1048576K
}
Event: 9.987 GC heap before
{Heap before GC invocations=13 (full 0):
 garbage-first heap   total 57344K, used 49152K [0x0000000085800000, 0x0000000100000000)
  region size 1024K, 18 young (18432K), 3 survivors (3072K)
 Metaspace       used 59692K, committed 60416K, reserved 1114112K
  class space    used 8120K, committed 8448K, reserved 1048576K
}
Event: 9.996 GC heap after
{Heap after GC invocations=14 (full 0):
 garbage-first heap   total 58368K, used 39454K [0x0000000085800000, 0x0000000100000000)
  region size 1024K, 3 young (3072K), 3 survivors (3072K)
 Metaspace       used 59692K, committed 60416K, reserved 1114112K
  class space    used 8120K, committed 8448K, reserved 1048576K
}

