# JRE version: Java(TM) SE Runtime Environment (21.0.2+13) (build 21.0.2+13-LTS-58)
# Java VM: Java HotSpot(TM) 64-Bit Server VM (21.0.2+13-LTS-58, mixed mode, sharing, tiered, compressed oops, compressed class ptrs, g1 gc, windows-amd64)
GC Precious Log:
 CardTable entry size: 512
 Card Set container configuration: InlinePtr #cards 5 size 8 Array Of Cards #cards 12 size 40 Howl #buckets 4 coarsen threshold 1843 Howl Bitmap #cards 512 size 80 coarsen threshold 460 Card regions per heap region 1 cards per card region 2048
 CPUs: 8 total, 8 available
 Memory: 7834M
 Large Page Support: Disabled
 NUMA Support: Disabled
 Compressed Oops: Enabled (32-bit)
 Heap Region Size: 1M
 Heap Min Capacity: 8M
 Heap Initial Capacity: 124M
 Heap Max Capacity: 1960M
 Pre-touch: Disabled
 Parallel Workers: 8
 Concurrent Workers: 2
 Concurrent Refinement Workers: 8
 Periodic GC: Disabled
Heap:
 garbage-first heap   total 55296K, used 42006K [0x0000000085800000, 0x0000000100000000)
  region size 1024K, 16 young (16384K), 1 survivors (1024K)
 Metaspace       used 64177K, committed 64832K, reserved 1114112K
  class space    used 8750K, committed 9024K, reserved 1048576K
GC Heap History (20 events):
Event: 1.203 GC heap before
{Heap before GC invocations=1 (full 0):
 garbage-first heap   total 126976K, used 37183K [0x0000000085800000, 0x0000000100000000)
  region size 1024K, 33 young (33792K), 3 survivors (3072K)
 Metaspace       used 13753K, committed 14080K, reserved 1114112K
  class space    used 1678K, committed 1856K, reserved 1048576K
}
Event: 1.207 GC heap after
{Heap after GC invocations=2 (full 0):
 garbage-first heap   total 126976K, used 10404K [0x0000000085800000, 0x0000000100000000)
  region size 1024K, 3 young (3072K), 3 survivors (3072K)
 Metaspace       used 13753K, committed 14080K, reserved 1114112K
  class space    used 1678K, committed 1856K, reserved 1048576K
}
Event: 1.931 GC heap before
{Heap before GC invocations=2 (full 0):
 garbage-first heap   total 126976K, used 52388K [0x0000000085800000, 0x0000000100000000)
  region size 1024K, 46 young (47104K), 3 survivors (3072K)
 Metaspace       used 21230K, committed 21504K, reserved 1114112K
  class space    used 2594K, committed 2688K, reserved 1048576K
}
Event: 1.937 GC heap after
{Heap after GC invocations=3 (full 0):
 garbage-first heap   total 126976K, used 14129K [0x0000000085800000, 0x0000000100000000)
  region size 1024K, 7 young (7168K), 7 survivors (7168K)
 Metaspace       used 21230K, committed 21504K, reserved 1114112K
  class space    used 2594K, committed 2688K, reserved 1048576K
}
Event: 2.690 GC heap before
{Heap before GC invocations=4 (full 0):
 garbage-first heap   total 55296K, used 39729K [0x0000000085800000, 0x0000000100000000)
  region size 1024K, 32 young (32768K), 7 survivors (7168K)
 Metaspace       used 25389K, committed 25792K, reserved 1114112K
  class space    used 3250K, committed 3456K, reserved 1048576K
}
Event: 2.697 GC heap after
{Heap after GC invocations=5 (full 0):
 garbage-first heap   total 55296K, used 17086K [0x0000000085800000, 0x0000000100000000)
  region size 1024K, 3 young (3072K), 3 survivors (3072K)
 Metaspace       used 25389K, committed 25792K, reserved 1114112K
  class space    used 3250K, committed 3456K, reserved 1048576K
}
Event: 3.306 GC heap before
{Heap before GC invocations=5 (full 0):
 garbage-first heap   total 55296K, used 42686K [0x0000000085800000, 0x0000000100000000)
  region size 1024K, 28 young (28672K), 3 survivors (3072K)
 Metaspace       used 30085K, committed 30592K, reserved 1114112K
  class space    used 3804K, committed 4032K, reserved 1048576K
}
Event: 3.311 GC heap after
{Heap after GC invocations=6 (full 0):
 garbage-first heap   total 55296K, used 18994K [0x0000000085800000, 0x0000000100000000)
  region size 1024K, 3 young (3072K), 3 survivors (3072K)
 Metaspace       used 30085K, committed 30592K, reserved 1114112K
  class space    used 3804K, committed 4032K, reserved 1048576K
}
Event: 3.738 GC heap before
{Heap before GC invocations=6 (full 0):
 garbage-first heap   total 55296K, used 38450K [0x0000000085800000, 0x0000000100000000)
  region size 1024K, 23 young (23552K), 3 survivors (3072K)
 Metaspace       used 35521K, committed 35968K, reserved 1114112K
  class space    used 4703K, committed 4928K, reserved 1048576K
}
Event: 3.740 GC heap after
{Heap after GC invocations=7 (full 0):
 garbage-first heap   total 55296K, used 19936K [0x0000000085800000, 0x0000000100000000)
  region size 1024K, 3 young (3072K), 3 survivors (3072K)
 Metaspace       used 35521K, committed 35968K, reserved 1114112K
  class space    used 4703K, committed 4928K, reserved 1048576K
}
Event: 4.511 GC heap before
{Heap before GC invocations=8 (full 0):
 garbage-first heap   total 55296K, used 45536K [0x0000000085800000, 0x0000000100000000)
  region size 1024K, 29 young (29696K), 3 survivors (3072K)
 Metaspace       used 43175K, committed 43712K, reserved 1114112K
  class space    used 5672K, committed 5888K, reserved 1048576K
}
Event: 4.515 GC heap after
{Heap after GC invocations=9 (full 0):
 garbage-first heap   total 55296K, used 21737K [0x0000000085800000, 0x0000000100000000)
  region size 1024K, 3 young (3072K), 3 survivors (3072K)
 Metaspace       used 43175K, committed 43712K, reserved 1114112K
  class space    used 5672K, committed 5888K, reserved 1048576K
}
Event: 5.018 GC heap before
{Heap before GC invocations=9 (full 0):
 garbage-first heap   total 55296K, used 46313K [0x0000000085800000, 0x0000000100000000)
  region size 1024K, 28 young (28672K), 3 survivors (3072K)
 Metaspace       used 51084K, committed 51648K, reserved 1114112K
  class space    used 6929K, committed 7168K, reserved 1048576K
}
Event: 5.024 GC heap after
{Heap after GC invocations=10 (full 0):
 garbage-first heap   total 55296K, used 22933K [0x0000000085800000, 0x0000000100000000)
  region size 1024K, 4 young (4096K), 4 survivors (4096K)
 Metaspace       used 51084K, committed 51648K, reserved 1114112K
  class space    used 6929K, committed 7168K, reserved 1048576K
}
Event: 5.572 GC heap before
{Heap before GC invocations=10 (full 0):
 garbage-first heap   total 55296K, used 44437K [0x0000000085800000, 0x0000000100000000)
  region size 1024K, 26 young (26624K), 4 survivors (4096K)
 Metaspace       used 56399K, committed 56896K, reserved 1114112K
  class space    used 7652K, committed 7872K, reserved 1048576K
}
Event: 5.575 GC heap after
{Heap after GC invocations=11 (full 0):
 garbage-first heap   total 55296K, used 24896K [0x0000000085800000, 0x0000000100000000)
  region size 1024K, 4 young (4096K), 4 survivors (4096K)
 Metaspace       used 56399K, committed 56896K, reserved 1114112K
  class space    used 7652K, committed 7872K, reserved 1048576K
}
Event: 5.966 GC heap before
{Heap before GC invocations=11 (full 0):
 garbage-first heap   total 55296K, used 46400K [0x0000000085800000, 0x0000000100000000)
  region size 1024K, 25 young (25600K), 4 survivors (4096K)
 Metaspace       used 59344K, committed 60032K, reserved 1114112K
  class space    used 8065K, committed 8384K, reserved 1048576K
}
Event: 5.972 GC heap after
{Heap after GC invocations=12 (full 0):
 garbage-first heap   total 55296K, used 27040K [0x0000000085800000, 0x0000000100000000)
  region size 1024K, 4 young (4096K), 4 survivors (4096K)
 Metaspace       used 59344K, committed 60032K, reserved 1114112K
  class space    used 8065K, committed 8384K, reserved 1048576K
}
Event: 6.055 GC heap before
{Heap before GC invocations=12 (full 0):
 garbage-first heap   total 55296K, used 30112K [0x0000000085800000, 0x0000000100000000)
  region size 1024K, 8 young (8192K), 4 survivors (4096K)
 Metaspace       used 59736K, committed 60416K, reserved 1114112K
  class space    used 8120K, committed 8448K, reserved 1048576K
}
Event: 6.061 GC heap after
{Heap after GC invocations=13 (full 0):
 garbage-first heap   total 55296K, used 27670K [0x0000000085800000, 0x0000000100000000)
  region size 1024K, 1 young (1024K), 1 survivors (1024K)
 Metaspace       used 59736K, committed 60416K, reserved 1114112K
  class space    used 8120K, committed 8448K, reserved 1048576K
}

