# JRE version: Java(TM) SE Runtime Environment (21.0.2+13) (build 21.0.2+13-LTS-58)
# Java VM: Java HotSpot(TM) 64-Bit Server VM (21.0.2+13-LTS-58, mixed mode, sharing, tiered, compressed oops, compressed class ptrs, g1 gc, windows-amd64)
GC Precious Log:
 CardTable entry size: 512
 Card Set container configuration: InlinePtr #cards 5 size 8 Array Of Cards #cards 12 size 40 Howl #buckets 4 coarsen threshold 1843 Howl Bitmap #cards 512 size 80 coarsen threshold 460 Card regions per heap region 1 cards per card region 2048
 CPUs: 8 total, 8 available
 Memory: 7834M
 Large Page Support: Disabled
 NUMA Support: Disabled
 Compressed Oops: Enabled (32-bit)
 Heap Region Size: 1M
 Heap Min Capacity: 8M
 Heap Initial Capacity: 124M
 Heap Max Capacity: 1960M
 Pre-touch: Disabled
 Parallel Workers: 8
 Concurrent Workers: 2
 Concurrent Refinement Workers: 8
 Periodic GC: Disabled
Heap:
 garbage-first heap   total 70656K, used 48450K [0x0000000085800000, 0x0000000100000000)
  region size 1024K, 4 young (4096K), 3 survivors (3072K)
 Metaspace       used 59665K, committed 60352K, reserved 1114112K
  class space    used 8113K, committed 8448K, reserved 1048576K
GC Heap History (20 events):
Event: 2.490 GC heap before
{Heap before GC invocations=4 (full 0):
 garbage-first heap   total 55296K, used 39604K [0x0000000085800000, 0x0000000100000000)
  region size 1024K, 32 young (32768K), 7 survivors (7168K)
 Metaspace       used 25399K, committed 25792K, reserved 1114112K
  class space    used 3248K, committed 3456K, reserved 1048576K
}
Event: 2.501 GC heap after
{Heap after GC invocations=5 (full 0):
 garbage-first heap   total 55296K, used 17220K [0x0000000085800000, 0x0000000100000000)
  region size 1024K, 4 young (4096K), 4 survivors (4096K)
 Metaspace       used 25399K, committed 25792K, reserved 1114112K
  class space    used 3248K, committed 3456K, reserved 1048576K
}
Event: 2.985 GC heap before
{Heap before GC invocations=5 (full 0):
 garbage-first heap   total 55296K, used 40772K [0x0000000085800000, 0x0000000100000000)
  region size 1024K, 28 young (28672K), 4 survivors (4096K)
 Metaspace       used 29702K, committed 30144K, reserved 1114112K
  class space    used 3766K, committed 3968K, reserved 1048576K
}
Event: 2.989 GC heap after
{Heap after GC invocations=6 (full 0):
 garbage-first heap   total 55296K, used 19194K [0x0000000085800000, 0x0000000100000000)
  region size 1024K, 3 young (3072K), 3 survivors (3072K)
 Metaspace       used 29702K, committed 30144K, reserved 1114112K
  class space    used 3766K, committed 3968K, reserved 1048576K
}
Event: 3.447 GC heap before
{Heap before GC invocations=6 (full 0):
 garbage-first heap   total 55296K, used 38650K [0x0000000085800000, 0x0000000100000000)
  region size 1024K, 24 young (24576K), 3 survivors (3072K)
 Metaspace       used 35478K, committed 35968K, reserved 1114112K
  class space    used 4701K, committed 4928K, reserved 1048576K
}
Event: 3.450 GC heap after
{Heap after GC invocations=7 (full 0):
 garbage-first heap   total 55296K, used 20243K [0x0000000085800000, 0x0000000100000000)
  region size 1024K, 4 young (4096K), 4 survivors (4096K)
 Metaspace       used 35478K, committed 35968K, reserved 1114112K
  class space    used 4701K, committed 4928K, reserved 1048576K
}
Event: 4.142 GC heap before
{Heap before GC invocations=8 (full 0):
 garbage-first heap   total 55296K, used 44819K [0x0000000085800000, 0x0000000100000000)
  region size 1024K, 29 young (29696K), 4 survivors (4096K)
 Metaspace       used 42814K, committed 43328K, reserved 1114112K
  class space    used 5646K, committed 5888K, reserved 1048576K
}
Event: 4.147 GC heap after
{Heap after GC invocations=9 (full 0):
 garbage-first heap   total 55296K, used 21955K [0x0000000085800000, 0x0000000100000000)
  region size 1024K, 4 young (4096K), 4 survivors (4096K)
 Metaspace       used 42814K, committed 43328K, reserved 1114112K
  class space    used 5646K, committed 5888K, reserved 1048576K
}
Event: 4.627 GC heap before
{Heap before GC invocations=9 (full 0):
 garbage-first heap   total 55296K, used 44483K [0x0000000085800000, 0x0000000100000000)
  region size 1024K, 27 young (27648K), 4 survivors (4096K)
 Metaspace       used 50066K, committed 50560K, reserved 1114112K
  class space    used 6779K, committed 6976K, reserved 1048576K
}
Event: 4.631 GC heap after
{Heap after GC invocations=10 (full 0):
 garbage-first heap   total 55296K, used 22826K [0x0000000085800000, 0x0000000100000000)
  region size 1024K, 4 young (4096K), 4 survivors (4096K)
 Metaspace       used 50066K, committed 50560K, reserved 1114112K
  class space    used 6779K, committed 6976K, reserved 1048576K
}
Event: 5.165 GC heap before
{Heap before GC invocations=10 (full 0):
 garbage-first heap   total 55296K, used 44330K [0x0000000085800000, 0x0000000100000000)
  region size 1024K, 26 young (26624K), 4 survivors (4096K)
 Metaspace       used 55609K, committed 56256K, reserved 1114112K
  class space    used 7523K, committed 7808K, reserved 1048576K
}
Event: 5.168 GC heap after
{Heap after GC invocations=11 (full 0):
 garbage-first heap   total 55296K, used 24499K [0x0000000085800000, 0x0000000100000000)
  region size 1024K, 3 young (3072K), 3 survivors (3072K)
 Metaspace       used 55609K, committed 56256K, reserved 1114112K
  class space    used 7523K, committed 7808K, reserved 1048576K
}
Event: 5.636 GC heap before
{Heap before GC invocations=11 (full 0):
 garbage-first heap   total 55296K, used 48051K [0x0000000085800000, 0x0000000100000000)
  region size 1024K, 26 young (26624K), 3 survivors (3072K)
 Metaspace       used 59134K, committed 59840K, reserved 1114112K
  class space    used 8039K, committed 8384K, reserved 1048576K
}
Event: 5.643 GC heap after
{Heap after GC invocations=12 (full 0):
 garbage-first heap   total 55296K, used 26931K [0x0000000085800000, 0x0000000100000000)
  region size 1024K, 4 young (4096K), 4 survivors (4096K)
 Metaspace       used 59134K, committed 59840K, reserved 1114112K
  class space    used 8039K, committed 8384K, reserved 1048576K
}
Event: 8.232 GC heap before
{Heap before GC invocations=12 (full 0):
 garbage-first heap   total 55296K, used 46387K [0x0000000085800000, 0x0000000100000000)
  region size 1024K, 23 young (23552K), 4 survivors (4096K)
 Metaspace       used 59662K, committed 60352K, reserved 1114112K
  class space    used 8112K, committed 8448K, reserved 1048576K
}
Event: 8.239 GC heap after
{Heap after GC invocations=13 (full 0):
 garbage-first heap   total 69632K, used 33000K [0x0000000085800000, 0x0000000100000000)
  region size 1024K, 3 young (3072K), 3 survivors (3072K)
 Metaspace       used 59662K, committed 60352K, reserved 1114112K
  class space    used 8112K, committed 8448K, reserved 1048576K
}
Event: 12.226 GC heap before
{Heap before GC invocations=13 (full 0):
 garbage-first heap   total 69632K, used 58600K [0x0000000085800000, 0x0000000100000000)
  region size 1024K, 27 young (27648K), 3 survivors (3072K)
 Metaspace       used 59662K, committed 60352K, reserved 1114112K
  class space    used 8112K, committed 8448K, reserved 1048576K
}
Event: 12.232 GC heap after
{Heap after GC invocations=14 (full 0):
 garbage-first heap   total 70656K, used 42513K [0x0000000085800000, 0x0000000100000000)
  region size 1024K, 4 young (4096K), 4 survivors (4096K)
 Metaspace       used 59662K, committed 60352K, reserved 1114112K
  class space    used 8112K, committed 8448K, reserved 1048576K
}
Event: 16.348 GC heap before
{Heap before GC invocations=14 (full 0):
 garbage-first heap   total 70656K, used 58897K [0x0000000085800000, 0x0000000100000000)
  region size 1024K, 20 young (20480K), 4 survivors (4096K)
 Metaspace       used 59665K, committed 60352K, reserved 1114112K
  class space    used 8113K, committed 8448K, reserved 1048576K
}
Event: 16.352 GC heap after
{Heap after GC invocations=15 (full 0):
 garbage-first heap   total 70656K, used 48450K [0x0000000085800000, 0x0000000100000000)
  region size 1024K, 3 young (3072K), 3 survivors (3072K)
 Metaspace       used 59665K, committed 60352K, reserved 1114112K
  class space    used 8113K, committed 8448K, reserved 1048576K
}

