# JRE version: Java(TM) SE Runtime Environment (21.0.2+13) (build 21.0.2+13-LTS-58)
# Java VM: Java HotSpot(TM) 64-Bit Server VM (21.0.2+13-LTS-58, mixed mode, sharing, tiered, compressed oops, compressed class ptrs, g1 gc, windows-amd64)
GC Precious Log:
 CardTable entry size: 512
 Card Set container configuration: InlinePtr #cards 5 size 8 Array Of Cards #cards 12 size 40 Howl #buckets 4 coarsen threshold 1843 Howl Bitmap #cards 512 size 80 coarsen threshold 460 Card regions per heap region 1 cards per card region 2048
 CPUs: 8 total, 8 available
 Memory: 7834M
 Large Page Support: Disabled
 NUMA Support: Disabled
 Compressed Oops: Enabled (32-bit)
 Heap Region Size: 1M
 Heap Min Capacity: 8M
 Heap Initial Capacity: 124M
 Heap Max Capacity: 1960M
 Pre-touch: Disabled
 Parallel Workers: 8
 Concurrent Workers: 2
 Concurrent Refinement Workers: 8
 Periodic GC: Disabled
Heap:
 garbage-first heap   total 55296K, used 28840K [0x0000000085800000, 0x0000000100000000)
  region size 1024K, 9 young (9216K), 4 survivors (4096K)
 Metaspace       used 56918K, committed 57600K, reserved 1114112K
  class space    used 7735K, committed 8064K, reserved 1048576K
GC Heap History (18 events):
Event: 0.700 GC heap before
{Heap before GC invocations=0 (full 0):
 garbage-first heap   total 126976K, used 24576K [0x0000000085800000, 0x0000000100000000)
  region size 1024K, 23 young (23552K), 0 survivors (0K)
 Metaspace       used 5478K, committed 5696K, reserved 1114112K
  class space    used 631K, committed 704K, reserved 1048576K
}
Event: 0.703 GC heap after
{Heap after GC invocations=1 (full 0):
 garbage-first heap   total 126976K, used 7534K [0x0000000085800000, 0x0000000100000000)
  region size 1024K, 3 young (3072K), 3 survivors (3072K)
 Metaspace       used 5478K, committed 5696K, reserved 1114112K
  class space    used 631K, committed 704K, reserved 1048576K
}
Event: 1.197 GC heap before
{Heap before GC invocations=1 (full 0):
 garbage-first heap   total 126976K, used 37230K [0x0000000085800000, 0x0000000100000000)
  region size 1024K, 33 young (33792K), 3 survivors (3072K)
 Metaspace       used 13817K, committed 14144K, reserved 1114112K
  class space    used 1682K, committed 1856K, reserved 1048576K
}
Event: 1.201 GC heap after
{Heap after GC invocations=2 (full 0):
 garbage-first heap   total 126976K, used 10199K [0x0000000085800000, 0x0000000100000000)
  region size 1024K, 3 young (3072K), 3 survivors (3072K)
 Metaspace       used 13817K, committed 14144K, reserved 1114112K
  class space    used 1682K, committed 1856K, reserved 1048576K
}
Event: 1.922 GC heap before
{Heap before GC invocations=2 (full 0):
 garbage-first heap   total 126976K, used 53207K [0x0000000085800000, 0x0000000100000000)
  region size 1024K, 47 young (48128K), 3 survivors (3072K)
 Metaspace       used 21249K, committed 21504K, reserved 1114112K
  class space    used 2596K, committed 2688K, reserved 1048576K
}
Event: 1.927 GC heap after
{Heap after GC invocations=3 (full 0):
 garbage-first heap   total 126976K, used 14193K [0x0000000085800000, 0x0000000100000000)
  region size 1024K, 7 young (7168K), 7 survivors (7168K)
 Metaspace       used 21249K, committed 21504K, reserved 1114112K
  class space    used 2596K, committed 2688K, reserved 1048576K
}
Event: 2.506 GC heap before
{Heap before GC invocations=4 (full 0):
 garbage-first heap   total 55296K, used 39793K [0x0000000085800000, 0x0000000100000000)
  region size 1024K, 32 young (32768K), 7 survivors (7168K)
 Metaspace       used 25434K, committed 25856K, reserved 1114112K
  class space    used 3254K, committed 3456K, reserved 1048576K
}
Event: 2.514 GC heap after
{Heap after GC invocations=5 (full 0):
 garbage-first heap   total 55296K, used 16983K [0x0000000085800000, 0x0000000100000000)
  region size 1024K, 4 young (4096K), 4 survivors (4096K)
 Metaspace       used 25434K, committed 25856K, reserved 1114112K
  class space    used 3254K, committed 3456K, reserved 1048576K
}
Event: 3.018 GC heap before
{Heap before GC invocations=5 (full 0):
 garbage-first heap   total 55296K, used 40535K [0x0000000085800000, 0x0000000100000000)
  region size 1024K, 28 young (28672K), 4 survivors (4096K)
 Metaspace       used 29934K, committed 30400K, reserved 1114112K
  class space    used 3780K, committed 3968K, reserved 1048576K
}
Event: 3.023 GC heap after
{Heap after GC invocations=6 (full 0):
 garbage-first heap   total 55296K, used 18856K [0x0000000085800000, 0x0000000100000000)
  region size 1024K, 3 young (3072K), 3 survivors (3072K)
 Metaspace       used 29934K, committed 30400K, reserved 1114112K
  class space    used 3780K, committed 3968K, reserved 1048576K
}
Event: 3.459 GC heap before
{Heap before GC invocations=6 (full 0):
 garbage-first heap   total 55296K, used 39336K [0x0000000085800000, 0x0000000100000000)
  region size 1024K, 24 young (24576K), 3 survivors (3072K)
 Metaspace       used 35489K, committed 35968K, reserved 1114112K
  class space    used 4700K, committed 4928K, reserved 1048576K
}
Event: 3.461 GC heap after
{Heap after GC invocations=7 (full 0):
 garbage-first heap   total 55296K, used 19722K [0x0000000085800000, 0x0000000100000000)
  region size 1024K, 3 young (3072K), 3 survivors (3072K)
 Metaspace       used 35489K, committed 35968K, reserved 1114112K
  class space    used 4700K, committed 4928K, reserved 1048576K
}
Event: 4.505 GC heap before
{Heap before GC invocations=8 (full 0):
 garbage-first heap   total 55296K, used 45322K [0x0000000085800000, 0x0000000100000000)
  region size 1024K, 29 young (29696K), 3 survivors (3072K)
 Metaspace       used 43154K, committed 43648K, reserved 1114112K
  class space    used 5670K, committed 5888K, reserved 1048576K
}
Event: 4.508 GC heap after
{Heap after GC invocations=9 (full 0):
 garbage-first heap   total 55296K, used 21633K [0x0000000085800000, 0x0000000100000000)
  region size 1024K, 3 young (3072K), 3 survivors (3072K)
 Metaspace       used 43154K, committed 43648K, reserved 1114112K
  class space    used 5670K, committed 5888K, reserved 1048576K
}
Event: 5.299 GC heap before
{Heap before GC invocations=9 (full 0):
 garbage-first heap   total 55296K, used 46209K [0x0000000085800000, 0x0000000100000000)
  region size 1024K, 28 young (28672K), 3 survivors (3072K)
 Metaspace       used 50796K, committed 51328K, reserved 1114112K
  class space    used 6882K, committed 7104K, reserved 1048576K
}
Event: 5.309 GC heap after
{Heap after GC invocations=10 (full 0):
 garbage-first heap   total 55296K, used 22707K [0x0000000085800000, 0x0000000100000000)
  region size 1024K, 4 young (4096K), 4 survivors (4096K)
 Metaspace       used 50796K, committed 51328K, reserved 1114112K
  class space    used 6882K, committed 7104K, reserved 1048576K
}
Event: 6.170 GC heap before
{Heap before GC invocations=10 (full 0):
 garbage-first heap   total 55296K, used 45235K [0x0000000085800000, 0x0000000100000000)
  region size 1024K, 27 young (27648K), 4 survivors (4096K)
 Metaspace       used 56477K, committed 57088K, reserved 1114112K
  class space    used 7670K, committed 7936K, reserved 1048576K
}
Event: 6.174 GC heap after
{Heap after GC invocations=11 (full 0):
 garbage-first heap   total 55296K, used 24744K [0x0000000085800000, 0x0000000100000000)
  region size 1024K, 4 young (4096K), 4 survivors (4096K)
 Metaspace       used 56477K, committed 57088K, reserved 1114112K
  class space    used 7670K, committed 7936K, reserved 1048576K
}

